{"total": {"lines":{"total":1873,"covered":1767,"skipped":0,"pct":94.34},"statements":{"total":1873,"covered":1767,"skipped":0,"pct":94.34},"functions":{"total":102,"covered":80,"skipped":0,"pct":78.43},"branches":{"total":430,"covered":289,"skipped":0,"pct":67.2},"branchesTrue":{"total":0,"covered":0,"skipped":0,"pct":100}}
,"/home/vahid/WorkSpace/github/workflow-js/src/index.ts": {"lines":{"total":4,"covered":4,"skipped":0,"pct":100},"functions":{"total":0,"covered":0,"skipped":0,"pct":100},"statements":{"total":4,"covered":4,"skipped":0,"pct":100},"branches":{"total":0,"covered":0,"skipped":0,"pct":100}}
,"/home/vahid/WorkSpace/github/workflow-js/src/tools.ts": {"lines":{"total":124,"covered":124,"skipped":0,"pct":100},"functions":{"total":5,"covered":4,"skipped":0,"pct":80},"statements":{"total":124,"covered":124,"skipped":0,"pct":100},"branches":{"total":65,"covered":51,"skipped":0,"pct":78.46}}
,"/home/vahid/WorkSpace/github/workflow-js/src/utils.ts": {"lines":{"total":69,"covered":69,"skipped":0,"pct":100},"functions":{"total":10,"covered":9,"skipped":0,"pct":90},"statements":{"total":69,"covered":69,"skipped":0,"pct":100},"branches":{"total":12,"covered":10,"skipped":0,"pct":83.33}}
,"/home/vahid/WorkSpace/github/workflow-js/src/common/index.ts": {"lines":{"total":3,"covered":3,"skipped":0,"pct":100},"functions":{"total":0,"covered":0,"skipped":0,"pct":100},"statements":{"total":3,"covered":3,"skipped":0,"pct":100},"branches":{"total":0,"covered":0,"skipped":0,"pct":100}}
,"/home/vahid/WorkSpace/github/workflow-js/src/common/keys.ts": {"lines":{"total":4,"covered":4,"skipped":0,"pct":100},"functions":{"total":0,"covered":0,"skipped":0,"pct":100},"statements":{"total":4,"covered":4,"skipped":0,"pct":100},"branches":{"total":0,"covered":0,"skipped":0,"pct":100}}
,"/home/vahid/WorkSpace/github/workflow-js/src/common/types.ts": {"lines":{"total":10,"covered":10,"skipped":0,"pct":100},"functions":{"total":0,"covered":0,"skipped":0,"pct":100},"statements":{"total":10,"covered":10,"skipped":0,"pct":100},"branches":{"total":0,"covered":0,"skipped":0,"pct":100}}
,"/home/vahid/WorkSpace/github/workflow-js/src/common/decorators/index.ts": {"lines":{"total":3,"covered":3,"skipped":0,"pct":100},"functions":{"total":0,"covered":0,"skipped":0,"pct":100},"statements":{"total":3,"covered":3,"skipped":0,"pct":100},"branches":{"total":0,"covered":0,"skipped":0,"pct":100}}
,"/home/vahid/WorkSpace/github/workflow-js/src/common/decorators/method.ts": {"lines":{"total":54,"covered":53,"skipped":0,"pct":98.14},"functions":{"total":2,"covered":2,"skipped":0,"pct":100},"statements":{"total":54,"covered":53,"skipped":0,"pct":98.14},"branches":{"total":19,"covered":16,"skipped":0,"pct":84.21}}
,"/home/vahid/WorkSpace/github/workflow-js/src/common/decorators/params.ts": {"lines":{"total":99,"covered":99,"skipped":0,"pct":100},"functions":{"total":6,"covered":6,"skipped":0,"pct":100},"statements":{"total":99,"covered":99,"skipped":0,"pct":100},"branches":{"total":19,"covered":14,"skipped":0,"pct":73.68}}
,"/home/vahid/WorkSpace/github/workflow-js/src/common/decorators/process.ts": {"lines":{"total":36,"covered":36,"skipped":0,"pct":100},"functions":{"total":1,"covered":1,"skipped":0,"pct":100},"statements":{"total":36,"covered":36,"skipped":0,"pct":100},"branches":{"total":8,"covered":3,"skipped":0,"pct":37.5}}
,"/home/vahid/WorkSpace/github/workflow-js/src/context/context.ts": {"lines":{"total":195,"covered":177,"skipped":0,"pct":90.76},"functions":{"total":17,"covered":11,"skipped":0,"pct":64.7},"statements":{"total":195,"covered":177,"skipped":0,"pct":90.76},"branches":{"total":24,"covered":21,"skipped":0,"pct":87.5}}
,"/home/vahid/WorkSpace/github/workflow-js/src/context/index.ts": {"lines":{"total":4,"covered":4,"skipped":0,"pct":100},"functions":{"total":0,"covered":0,"skipped":0,"pct":100},"statements":{"total":4,"covered":4,"skipped":0,"pct":100},"branches":{"total":0,"covered":0,"skipped":0,"pct":100}}
,"/home/vahid/WorkSpace/github/workflow-js/src/context/state.ts": {"lines":{"total":73,"covered":73,"skipped":0,"pct":100},"functions":{"total":5,"covered":5,"skipped":0,"pct":100},"statements":{"total":73,"covered":73,"skipped":0,"pct":100},"branches":{"total":8,"covered":7,"skipped":0,"pct":87.5}}
,"/home/vahid/WorkSpace/github/workflow-js/src/context/token.ts": {"lines":{"total":163,"covered":159,"skipped":0,"pct":97.54},"functions":{"total":13,"covered":11,"skipped":0,"pct":84.61},"statements":{"total":163,"covered":159,"skipped":0,"pct":97.54},"branches":{"total":19,"covered":17,"skipped":0,"pct":89.47}}
,"/home/vahid/WorkSpace/github/workflow-js/src/context/enums/index.ts": {"lines":{"total":1,"covered":1,"skipped":0,"pct":100},"functions":{"total":0,"covered":0,"skipped":0,"pct":100},"statements":{"total":1,"covered":1,"skipped":0,"pct":100},"branches":{"total":0,"covered":0,"skipped":0,"pct":100}}
,"/home/vahid/WorkSpace/github/workflow-js/src/context/enums/status.ts": {"lines":{"total":8,"covered":8,"skipped":0,"pct":100},"functions":{"total":0,"covered":0,"skipped":0,"pct":100},"statements":{"total":8,"covered":8,"skipped":0,"pct":100},"branches":{"total":1,"covered":1,"skipped":0,"pct":100}}
,"/home/vahid/WorkSpace/github/workflow-js/src/core/container.ts": {"lines":{"total":113,"covered":95,"skipped":0,"pct":84.07},"functions":{"total":6,"covered":2,"skipped":0,"pct":33.33},"statements":{"total":113,"covered":95,"skipped":0,"pct":84.07},"branches":{"total":11,"covered":11,"skipped":0,"pct":100}}
,"/home/vahid/WorkSpace/github/workflow-js/src/core/index.ts": {"lines":{"total":3,"covered":3,"skipped":0,"pct":100},"functions":{"total":0,"covered":0,"skipped":0,"pct":100},"statements":{"total":3,"covered":3,"skipped":0,"pct":100},"branches":{"total":0,"covered":0,"skipped":0,"pct":100}}
,"/home/vahid/WorkSpace/github/workflow-js/src/core/activities/event.ts": {"lines":{"total":118,"covered":97,"skipped":0,"pct":82.2},"functions":{"total":6,"covered":2,"skipped":0,"pct":33.33},"statements":{"total":118,"covered":97,"skipped":0,"pct":82.2},"branches":{"total":5,"covered":5,"skipped":0,"pct":100}}
,"/home/vahid/WorkSpace/github/workflow-js/src/core/activities/gateway.ts": {"lines":{"total":145,"covered":122,"skipped":0,"pct":84.13},"functions":{"total":7,"covered":5,"skipped":0,"pct":71.42},"statements":{"total":145,"covered":122,"skipped":0,"pct":84.13},"branches":{"total":49,"covered":16,"skipped":0,"pct":32.65}}
,"/home/vahid/WorkSpace/github/workflow-js/src/core/activities/index.ts": {"lines":{"total":3,"covered":3,"skipped":0,"pct":100},"functions":{"total":0,"covered":0,"skipped":0,"pct":100},"statements":{"total":3,"covered":3,"skipped":0,"pct":100},"branches":{"total":0,"covered":0,"skipped":0,"pct":100}}
,"/home/vahid/WorkSpace/github/workflow-js/src/core/activities/task.ts": {"lines":{"total":82,"covered":68,"skipped":0,"pct":82.92},"functions":{"total":4,"covered":2,"skipped":0,"pct":50},"statements":{"total":82,"covered":68,"skipped":0,"pct":82.92},"branches":{"total":3,"covered":3,"skipped":0,"pct":100}}
,"/home/vahid/WorkSpace/github/workflow-js/src/core/base/activity.ts": {"lines":{"total":197,"covered":197,"skipped":0,"pct":100},"functions":{"total":10,"covered":10,"skipped":0,"pct":100},"statements":{"total":197,"covered":197,"skipped":0,"pct":100},"branches":{"total":41,"covered":27,"skipped":0,"pct":65.85}}
,"/home/vahid/WorkSpace/github/workflow-js/src/core/base/attribute.ts": {"lines":{"total":33,"covered":33,"skipped":0,"pct":100},"functions":{"total":3,"covered":3,"skipped":0,"pct":100},"statements":{"total":33,"covered":33,"skipped":0,"pct":100},"branches":{"total":4,"covered":4,"skipped":0,"pct":100}}
,"/home/vahid/WorkSpace/github/workflow-js/src/core/base/index.ts": {"lines":{"total":3,"covered":3,"skipped":0,"pct":100},"functions":{"total":0,"covered":0,"skipped":0,"pct":100},"statements":{"total":3,"covered":3,"skipped":0,"pct":100},"branches":{"total":0,"covered":0,"skipped":0,"pct":100}}
,"/home/vahid/WorkSpace/github/workflow-js/src/core/base/sequence.ts": {"lines":{"total":47,"covered":47,"skipped":0,"pct":100},"functions":{"total":4,"covered":4,"skipped":0,"pct":100},"statements":{"total":47,"covered":47,"skipped":0,"pct":100},"branches":{"total":6,"covered":4,"skipped":0,"pct":66.66}}
,"/home/vahid/WorkSpace/github/workflow-js/src/engine/index.ts": {"lines":{"total":2,"covered":2,"skipped":0,"pct":100},"functions":{"total":0,"covered":0,"skipped":0,"pct":100},"statements":{"total":2,"covered":2,"skipped":0,"pct":100},"branches":{"total":0,"covered":0,"skipped":0,"pct":100}}
,"/home/vahid/WorkSpace/github/workflow-js/src/engine/workflow.ts": {"lines":{"total":266,"covered":259,"skipped":0,"pct":97.36},"functions":{"total":3,"covered":3,"skipped":0,"pct":100},"statements":{"total":266,"covered":259,"skipped":0,"pct":97.36},"branches":{"total":136,"covered":79,"skipped":0,"pct":58.08}}
,"/home/vahid/WorkSpace/github/workflow-js/src/engine/types/execute.ts": {"lines":{"total":10,"covered":10,"skipped":0,"pct":100},"functions":{"total":0,"covered":0,"skipped":0,"pct":100},"statements":{"total":10,"covered":10,"skipped":0,"pct":100},"branches":{"total":0,"covered":0,"skipped":0,"pct":100}}
,"/home/vahid/WorkSpace/github/workflow-js/src/engine/types/index.ts": {"lines":{"total":1,"covered":1,"skipped":0,"pct":100},"functions":{"total":0,"covered":0,"skipped":0,"pct":100},"statements":{"total":1,"covered":1,"skipped":0,"pct":100},"branches":{"total":0,"covered":0,"skipped":0,"pct":100}}
}
