{"total": {"lines":{"total":1716,"covered":1609,"skipped":0,"pct":93.76},"statements":{"total":1716,"covered":1609,"skipped":0,"pct":93.76},"functions":{"total":90,"covered":72,"skipped":0,"pct":80},"branches":{"total":410,"covered":269,"skipped":0,"pct":65.6},"branchesTrue":{"total":0,"covered":0,"skipped":0,"pct":100}}
,"/home/vahid/WorkSpace/workflow-js/src/index.ts": {"lines":{"total":4,"covered":4,"skipped":0,"pct":100},"functions":{"total":0,"covered":0,"skipped":0,"pct":100},"statements":{"total":4,"covered":4,"skipped":0,"pct":100},"branches":{"total":0,"covered":0,"skipped":0,"pct":100}}
,"/home/vahid/WorkSpace/workflow-js/src/tools.ts": {"lines":{"total":107,"covered":106,"skipped":0,"pct":99.06},"functions":{"total":4,"covered":4,"skipped":0,"pct":100},"statements":{"total":107,"covered":106,"skipped":0,"pct":99.06},"branches":{"total":69,"covered":52,"skipped":0,"pct":75.36}}
,"/home/vahid/WorkSpace/workflow-js/src/utils.ts": {"lines":{"total":57,"covered":57,"skipped":0,"pct":100},"functions":{"total":8,"covered":7,"skipped":0,"pct":87.5},"statements":{"total":57,"covered":57,"skipped":0,"pct":100},"branches":{"total":10,"covered":8,"skipped":0,"pct":80}}
,"/home/vahid/WorkSpace/workflow-js/src/common/index.ts": {"lines":{"total":3,"covered":3,"skipped":0,"pct":100},"functions":{"total":0,"covered":0,"skipped":0,"pct":100},"statements":{"total":3,"covered":3,"skipped":0,"pct":100},"branches":{"total":0,"covered":0,"skipped":0,"pct":100}}
,"/home/vahid/WorkSpace/workflow-js/src/common/keys.ts": {"lines":{"total":4,"covered":4,"skipped":0,"pct":100},"functions":{"total":0,"covered":0,"skipped":0,"pct":100},"statements":{"total":4,"covered":4,"skipped":0,"pct":100},"branches":{"total":0,"covered":0,"skipped":0,"pct":100}}
,"/home/vahid/WorkSpace/workflow-js/src/common/types.ts": {"lines":{"total":10,"covered":10,"skipped":0,"pct":100},"functions":{"total":0,"covered":0,"skipped":0,"pct":100},"statements":{"total":10,"covered":10,"skipped":0,"pct":100},"branches":{"total":0,"covered":0,"skipped":0,"pct":100}}
,"/home/vahid/WorkSpace/workflow-js/src/common/decorators/index.ts": {"lines":{"total":3,"covered":3,"skipped":0,"pct":100},"functions":{"total":0,"covered":0,"skipped":0,"pct":100},"statements":{"total":3,"covered":3,"skipped":0,"pct":100},"branches":{"total":0,"covered":0,"skipped":0,"pct":100}}
,"/home/vahid/WorkSpace/workflow-js/src/common/decorators/method.ts": {"lines":{"total":54,"covered":53,"skipped":0,"pct":98.14},"functions":{"total":2,"covered":2,"skipped":0,"pct":100},"statements":{"total":54,"covered":53,"skipped":0,"pct":98.14},"branches":{"total":19,"covered":16,"skipped":0,"pct":84.21}}
,"/home/vahid/WorkSpace/workflow-js/src/common/decorators/params.ts": {"lines":{"total":99,"covered":99,"skipped":0,"pct":100},"functions":{"total":6,"covered":6,"skipped":0,"pct":100},"statements":{"total":99,"covered":99,"skipped":0,"pct":100},"branches":{"total":19,"covered":14,"skipped":0,"pct":73.68}}
,"/home/vahid/WorkSpace/workflow-js/src/common/decorators/process.ts": {"lines":{"total":37,"covered":37,"skipped":0,"pct":100},"functions":{"total":1,"covered":1,"skipped":0,"pct":100},"statements":{"total":37,"covered":37,"skipped":0,"pct":100},"branches":{"total":8,"covered":3,"skipped":0,"pct":37.5}}
,"/home/vahid/WorkSpace/workflow-js/src/context/context.ts": {"lines":{"total":172,"covered":158,"skipped":0,"pct":91.86},"functions":{"total":15,"covered":11,"skipped":0,"pct":73.33},"statements":{"total":172,"covered":158,"skipped":0,"pct":91.86},"branches":{"total":24,"covered":21,"skipped":0,"pct":87.5}}
,"/home/vahid/WorkSpace/workflow-js/src/context/index.ts": {"lines":{"total":4,"covered":4,"skipped":0,"pct":100},"functions":{"total":0,"covered":0,"skipped":0,"pct":100},"statements":{"total":4,"covered":4,"skipped":0,"pct":100},"branches":{"total":0,"covered":0,"skipped":0,"pct":100}}
,"/home/vahid/WorkSpace/workflow-js/src/context/state.ts": {"lines":{"total":62,"covered":62,"skipped":0,"pct":100},"functions":{"total":4,"covered":4,"skipped":0,"pct":100},"statements":{"total":62,"covered":62,"skipped":0,"pct":100},"branches":{"total":8,"covered":6,"skipped":0,"pct":75}}
,"/home/vahid/WorkSpace/workflow-js/src/context/token.ts": {"lines":{"total":162,"covered":158,"skipped":0,"pct":97.53},"functions":{"total":13,"covered":12,"skipped":0,"pct":92.3},"statements":{"total":162,"covered":158,"skipped":0,"pct":97.53},"branches":{"total":19,"covered":18,"skipped":0,"pct":94.73}}
,"/home/vahid/WorkSpace/workflow-js/src/context/enums/index.ts": {"lines":{"total":1,"covered":1,"skipped":0,"pct":100},"functions":{"total":0,"covered":0,"skipped":0,"pct":100},"statements":{"total":1,"covered":1,"skipped":0,"pct":100},"branches":{"total":0,"covered":0,"skipped":0,"pct":100}}
,"/home/vahid/WorkSpace/workflow-js/src/context/enums/status.ts": {"lines":{"total":8,"covered":8,"skipped":0,"pct":100},"functions":{"total":0,"covered":0,"skipped":0,"pct":100},"statements":{"total":8,"covered":8,"skipped":0,"pct":100},"branches":{"total":1,"covered":1,"skipped":0,"pct":100}}
,"/home/vahid/WorkSpace/workflow-js/src/core/container.ts": {"lines":{"total":99,"covered":72,"skipped":0,"pct":72.72},"functions":{"total":6,"covered":0,"skipped":0,"pct":0},"statements":{"total":99,"covered":72,"skipped":0,"pct":72.72},"branches":{"total":0,"covered":0,"skipped":0,"pct":100}}
,"/home/vahid/WorkSpace/workflow-js/src/core/index.ts": {"lines":{"total":3,"covered":3,"skipped":0,"pct":100},"functions":{"total":0,"covered":0,"skipped":0,"pct":100},"statements":{"total":3,"covered":3,"skipped":0,"pct":100},"branches":{"total":0,"covered":0,"skipped":0,"pct":100}}
,"/home/vahid/WorkSpace/workflow-js/src/core/activities/event.ts": {"lines":{"total":117,"covered":96,"skipped":0,"pct":82.05},"functions":{"total":6,"covered":2,"skipped":0,"pct":33.33},"statements":{"total":117,"covered":96,"skipped":0,"pct":82.05},"branches":{"total":5,"covered":5,"skipped":0,"pct":100}}
,"/home/vahid/WorkSpace/workflow-js/src/core/activities/gateway.ts": {"lines":{"total":148,"covered":138,"skipped":0,"pct":93.24},"functions":{"total":5,"covered":4,"skipped":0,"pct":80},"statements":{"total":148,"covered":138,"skipped":0,"pct":93.24},"branches":{"total":52,"covered":17,"skipped":0,"pct":32.69}}
,"/home/vahid/WorkSpace/workflow-js/src/core/activities/index.ts": {"lines":{"total":3,"covered":3,"skipped":0,"pct":100},"functions":{"total":0,"covered":0,"skipped":0,"pct":100},"statements":{"total":3,"covered":3,"skipped":0,"pct":100},"branches":{"total":0,"covered":0,"skipped":0,"pct":100}}
,"/home/vahid/WorkSpace/workflow-js/src/core/activities/task.ts": {"lines":{"total":64,"covered":56,"skipped":0,"pct":87.5},"functions":{"total":3,"covered":2,"skipped":0,"pct":66.66},"statements":{"total":64,"covered":56,"skipped":0,"pct":87.5},"branches":{"total":3,"covered":3,"skipped":0,"pct":100}}
,"/home/vahid/WorkSpace/workflow-js/src/core/base/activity.ts": {"lines":{"total":132,"covered":117,"skipped":0,"pct":88.63},"functions":{"total":7,"covered":7,"skipped":0,"pct":100},"statements":{"total":132,"covered":117,"skipped":0,"pct":88.63},"branches":{"total":32,"covered":22,"skipped":0,"pct":68.75}}
,"/home/vahid/WorkSpace/workflow-js/src/core/base/attribute.ts": {"lines":{"total":33,"covered":33,"skipped":0,"pct":100},"functions":{"total":3,"covered":3,"skipped":0,"pct":100},"statements":{"total":33,"covered":33,"skipped":0,"pct":100},"branches":{"total":4,"covered":4,"skipped":0,"pct":100}}
,"/home/vahid/WorkSpace/workflow-js/src/core/base/index.ts": {"lines":{"total":3,"covered":3,"skipped":0,"pct":100},"functions":{"total":0,"covered":0,"skipped":0,"pct":100},"statements":{"total":3,"covered":3,"skipped":0,"pct":100},"branches":{"total":0,"covered":0,"skipped":0,"pct":100}}
,"/home/vahid/WorkSpace/workflow-js/src/core/base/sequence.ts": {"lines":{"total":47,"covered":47,"skipped":0,"pct":100},"functions":{"total":4,"covered":4,"skipped":0,"pct":100},"statements":{"total":47,"covered":47,"skipped":0,"pct":100},"branches":{"total":6,"covered":4,"skipped":0,"pct":66.66}}
,"/home/vahid/WorkSpace/workflow-js/src/engine/index.ts": {"lines":{"total":2,"covered":2,"skipped":0,"pct":100},"functions":{"total":0,"covered":0,"skipped":0,"pct":100},"statements":{"total":2,"covered":2,"skipped":0,"pct":100},"branches":{"total":0,"covered":0,"skipped":0,"pct":100}}
,"/home/vahid/WorkSpace/workflow-js/src/engine/workflow.ts": {"lines":{"total":267,"covered":261,"skipped":0,"pct":97.75},"functions":{"total":3,"covered":3,"skipped":0,"pct":100},"statements":{"total":267,"covered":261,"skipped":0,"pct":97.75},"branches":{"total":131,"covered":75,"skipped":0,"pct":57.25}}
,"/home/vahid/WorkSpace/workflow-js/src/engine/types/execute.ts": {"lines":{"total":10,"covered":10,"skipped":0,"pct":100},"functions":{"total":0,"covered":0,"skipped":0,"pct":100},"statements":{"total":10,"covered":10,"skipped":0,"pct":100},"branches":{"total":0,"covered":0,"skipped":0,"pct":100}}
,"/home/vahid/WorkSpace/workflow-js/src/engine/types/index.ts": {"lines":{"total":1,"covered":1,"skipped":0,"pct":100},"functions":{"total":0,"covered":0,"skipped":0,"pct":100},"statements":{"total":1,"covered":1,"skipped":0,"pct":100},"branches":{"total":0,"covered":0,"skipped":0,"pct":100}}
}
