TN:
SF:src/index.ts
FNF:0
FNH:0
DA:1,1
DA:2,1
DA:3,1
DA:4,1
DA:5,1
DA:6,1
DA:7,1
LF:7
LH:7
BRF:0
BRH:0
end_of_record
TN:
SF:src/tools.ts
FN:17,takeOutgoing
FN:34,getActivity
FN:60,getBPMNActivity
FN:87,getBPMNProcess
FNF:4
FNH:4
FNDA:25,takeOutgoing
FNDA:59,getActivity
FNDA:140,getBPMNActivity
FNDA:10,getBPMNProcess
DA:1,1
DA:2,1
DA:3,1
DA:4,1
DA:5,1
DA:6,1
DA:7,1
DA:8,1
DA:9,1
DA:10,1
DA:11,1
DA:12,1
DA:13,1
DA:14,1
DA:15,1
DA:16,1
DA:17,1
DA:18,25
DA:19,2
DA:20,2
DA:21,2
DA:22,2
DA:23,25
DA:24,25
DA:25,1
DA:26,1
DA:27,1
DA:28,1
DA:29,1
DA:30,1
DA:31,1
DA:32,1
DA:33,1
DA:34,1
DA:35,59
DA:36,58
DA:37,58
DA:38,58
DA:39,59
DA:40,31
DA:41,31
DA:42,59
DA:43,11
DA:44,11
DA:45,59
DA:46,15
DA:47,15
DA:48,1
DA:49,1
DA:50,1
DA:51,1
DA:52,1
DA:53,1
DA:54,1
DA:55,1
DA:56,1
DA:57,1
DA:58,1
DA:59,1
DA:60,1
DA:61,140
DA:62,140
DA:63,140
DA:64,11
DA:65,82
DA:66,71
DA:67,141
DA:68,141
DA:69,141
DA:70,141
DA:71,141
DA:72,141
DA:73,141
DA:74,61
DA:75,82
DA:76,140
DA:77,140
DA:78,1
DA:79,1
DA:80,1
DA:81,1
DA:82,1
DA:83,1
DA:84,1
DA:85,1
DA:86,1
DA:87,1
DA:88,10
DA:89,10
DA:90,10
DA:91,10
DA:92,6
DA:93,6
DA:94,6
DA:95,6
DA:96,6
DA:97,6
DA:98,6
DA:99,6
DA:100,6
DA:101,4
DA:102,4
DA:103,4
LF:103
LH:103
BRDA:17,0,0,25
BRDA:18,1,0,2
BRDA:20,2,0,1
BRDA:20,3,0,0
BRDA:22,4,0,1
BRDA:22,5,0,0
BRDA:23,6,0,23
BRDA:23,7,0,0
BRDA:20,8,0,1
BRDA:20,9,0,0
BRDA:20,10,0,1
BRDA:22,11,0,1
BRDA:22,12,0,0
BRDA:22,13,0,1
BRDA:23,14,0,29
BRDA:34,15,0,59
BRDA:35,16,0,1
BRDA:36,17,0,58
BRDA:39,18,0,0
BRDA:39,19,0,58
BRDA:39,20,0,58
BRDA:39,21,0,0
BRDA:39,22,0,58
BRDA:39,23,0,58
BRDA:39,24,0,31
BRDA:42,25,0,27
BRDA:42,26,0,0
BRDA:42,27,0,27
BRDA:42,28,0,27
BRDA:42,29,0,0
BRDA:42,30,0,27
BRDA:42,31,0,11
BRDA:45,32,0,16
BRDA:45,33,0,0
BRDA:45,34,0,16
BRDA:45,35,0,16
BRDA:45,36,0,0
BRDA:45,37,0,16
BRDA:45,38,0,46
BRDA:45,39,0,15
BRDA:48,40,0,1
BRDA:60,41,0,140
BRDA:63,42,0,11
BRDA:64,43,0,82
BRDA:65,44,0,71
BRDA:66,45,0,141
BRDA:69,46,0,99
BRDA:69,47,0,99
BRDA:70,48,0,9
BRDA:71,49,0,132
BRDA:71,50,0,42
BRDA:71,51,0,42
BRDA:72,52,0,1
BRDA:74,53,0,61
BRDA:76,54,0,1
BRDA:76,55,0,129
BRDA:87,56,0,10
BRDA:91,57,0,9
BRDA:91,58,0,6
BRDA:101,59,0,4
BRDA:94,60,0,6
BRDA:96,61,0,0
BRDA:96,62,0,0
BRDA:95,63,0,7
BRDA:99,64,0,7
BRDA:102,65,0,4
BRF:66
BRH:53
end_of_record
TN:
SF:src/utils.ts
FN:15,readFile
FN:24,parse
FN:39,uid
FN:46,logger
FNF:4
FNH:4
FNDA:8,readFile
FNDA:10,parse
FNDA:13,uid
FNDA:13,logger
DA:1,1
DA:2,1
DA:3,1
DA:4,1
DA:5,1
DA:6,1
DA:7,1
DA:8,1
DA:9,1
DA:10,1
DA:11,1
DA:12,1
DA:13,1
DA:14,1
DA:15,1
DA:16,1
DA:17,1
DA:18,1
DA:19,1
DA:20,1
DA:21,1
DA:22,1
DA:23,1
DA:24,1
DA:25,10
DA:26,10
DA:27,10
DA:28,10
DA:29,10
DA:30,10
DA:31,10
DA:32,10
DA:33,10
DA:34,10
DA:35,1
DA:36,1
DA:37,1
DA:38,1
DA:39,1
DA:40,1
DA:41,1
DA:42,1
DA:43,1
DA:44,1
DA:45,1
DA:46,1
DA:47,13
DA:48,13
DA:49,13
DA:50,13
DA:51,13
DA:52,13
LF:52
LH:52
BRDA:15,0,0,8
BRDA:24,1,0,10
BRDA:31,2,0,0
BRDA:26,3,0,10
BRDA:27,4,0,0
BRDA:39,5,0,13
BRDA:46,6,0,13
BRDA:49,7,0,0
BRDA:49,8,0,0
BRF:9
BRH:5
end_of_record
TN:
SF:src/common/index.ts
FNF:0
FNH:0
DA:1,1
DA:2,1
DA:3,1
LF:3
LH:3
BRF:0
BRH:0
end_of_record
TN:
SF:src/common/keys.ts
FNF:0
FNH:0
DA:1,1
DA:2,1
DA:3,1
DA:4,1
LF:4
LH:4
BRF:0
BRH:0
end_of_record
TN:
SF:src/common/types.ts
FNF:0
FNH:0
DA:1,1
DA:2,1
DA:3,1
DA:4,1
DA:5,1
DA:6,1
DA:7,1
DA:8,1
DA:9,1
DA:10,1
LF:10
LH:10
BRF:0
BRH:0
end_of_record
TN:
SF:src/common/decorators/index.ts
FNF:0
FNH:0
DA:1,1
DA:2,1
DA:3,1
LF:3
LH:3
BRF:0
BRH:0
end_of_record
TN:
SF:src/common/decorators/method.ts
FN:17,Node
FN:29,descriptor.value
FNF:2
FNH:2
FNDA:4,Node
FNDA:8,descriptor.value
DA:1,1
DA:2,1
DA:3,1
DA:4,1
DA:5,1
DA:6,1
DA:7,1
DA:8,1
DA:9,1
DA:10,1
DA:11,1
DA:12,1
DA:13,1
DA:14,1
DA:15,1
DA:16,1
DA:17,4
DA:18,4
DA:19,4
DA:20,4
DA:21,4
DA:22,1
DA:23,4
DA:24,4
DA:25,4
DA:26,4
DA:27,4
DA:28,4
DA:29,4
DA:30,8
DA:31,8
DA:32,8
DA:33,8
DA:34,8
DA:35,8
DA:36,8
DA:37,8
DA:38,8
DA:39,8
DA:40,8
DA:41,20
DA:42,13
DA:43,7
DA:44,4
DA:45,3
DA:46,0
DA:47,20
DA:48,8
DA:49,8
DA:50,8
DA:51,8
DA:52,4
DA:53,4
DA:54,4
LF:54
LH:53
BRDA:17,0,0,4
BRDA:18,1,0,4
BRDA:19,2,0,3
BRDA:19,3,0,1
BRDA:21,4,0,3
BRDA:22,5,0,1
BRDA:29,6,0,8
BRDA:36,7,0,0
BRDA:40,8,0,20
BRDA:41,9,0,7
BRDA:42,10,0,13
BRDA:42,11,0,6
BRDA:43,12,0,7
BRDA:43,13,0,3
BRDA:44,14,0,4
BRDA:44,15,0,1
BRDA:45,16,0,3
BRDA:46,17,0,0
BRDA:48,18,0,0
BRF:19
BRH:16
end_of_record
TN:
SF:src/common/decorators/params.ts
FN:15,Param
FN:31,Act
FN:46,Ctx
FN:61,Sign
FN:76,Data
FN:91,Value
FNF:6
FNH:6
FNDA:2,Param
FNDA:2,Act
FNDA:1,Ctx
FNDA:1,Sign
FNDA:1,Data
FNDA:1,Value
DA:1,1
DA:2,1
DA:3,1
DA:4,1
DA:5,1
DA:6,1
DA:7,1
DA:8,1
DA:9,1
DA:10,1
DA:11,1
DA:12,1
DA:13,1
DA:14,1
DA:15,2
DA:16,2
DA:17,2
DA:18,2
DA:19,2
DA:20,2
DA:21,2
DA:22,2
DA:23,2
DA:24,1
DA:25,1
DA:26,1
DA:27,1
DA:28,1
DA:29,1
DA:30,1
DA:31,2
DA:32,2
DA:33,2
DA:34,2
DA:35,2
DA:36,2
DA:37,2
DA:38,2
DA:39,2
DA:40,1
DA:41,1
DA:42,1
DA:43,1
DA:44,1
DA:45,1
DA:46,1
DA:47,1
DA:48,1
DA:49,1
DA:50,1
DA:51,1
DA:52,1
DA:53,1
DA:54,1
DA:55,1
DA:56,1
DA:57,1
DA:58,1
DA:59,1
DA:60,1
DA:61,1
DA:62,1
DA:63,1
DA:64,1
DA:65,1
DA:66,1
DA:67,1
DA:68,1
DA:69,1
DA:70,1
DA:71,1
DA:72,1
DA:73,1
DA:74,1
DA:75,1
DA:76,1
DA:77,1
DA:78,1
DA:79,1
DA:80,1
DA:81,1
DA:82,1
DA:83,1
DA:84,1
DA:85,1
DA:86,1
DA:87,1
DA:88,1
DA:89,1
DA:90,1
DA:91,1
DA:92,1
DA:93,1
DA:94,1
DA:95,1
DA:96,1
DA:97,1
DA:98,1
DA:99,1
LF:99
LH:99
BRDA:15,0,0,2
BRDA:16,1,0,2
BRDA:17,2,0,1
BRDA:17,3,0,1
BRDA:31,4,0,2
BRDA:32,5,0,2
BRDA:33,6,0,0
BRDA:46,7,0,1
BRDA:47,8,0,1
BRDA:48,9,0,0
BRDA:61,10,0,1
BRDA:62,11,0,1
BRDA:63,12,0,0
BRDA:76,13,0,1
BRDA:77,14,0,1
BRDA:78,15,0,0
BRDA:91,16,0,1
BRDA:92,17,0,1
BRDA:93,18,0,0
BRF:19
BRH:14
end_of_record
TN:
SF:src/common/decorators/process.ts
FN:20,Process
FNF:1
FNH:1
FNDA:1,Process
DA:1,1
DA:2,1
DA:3,1
DA:4,1
DA:5,1
DA:6,1
DA:7,1
DA:8,1
DA:9,1
DA:10,1
DA:11,1
DA:12,1
DA:13,1
DA:14,1
DA:15,1
DA:16,1
DA:17,1
DA:18,1
DA:19,1
DA:20,1
DA:21,1
DA:22,1
DA:23,1
DA:24,1
DA:25,1
DA:26,1
DA:27,1
DA:28,4
DA:29,4
DA:30,4
DA:31,4
DA:32,4
DA:33,4
DA:34,4
DA:35,1
DA:36,1
DA:37,1
LF:37
LH:37
BRDA:20,0,0,1
BRDA:21,1,0,0
BRDA:22,2,0,0
BRDA:23,3,0,0
BRDA:26,4,0,1
BRDA:27,5,0,4
BRDA:31,6,0,0
BRDA:32,7,0,0
BRF:8
BRH:3
end_of_record
TN:
SF:src/context/context.ts
FN:18,Context
FN:25,pause
FN:32,resume
FN:44,isReady
FN:53,addToken
FN:64,getTokens
FN:74,delTokens
FN:84,isPaused
FN:93,isCompleted
FN:102,isTerminated
FN:111,next
FN:122,serialize
FN:137,deserialize
FN:152,build
FNF:14
FNH:12
FNDA:4,Context
FNDA:0,pause
FNDA:1,resume
FNDA:4,isReady
FNDA:9,addToken
FNDA:22,getTokens
FNDA:0,delTokens
FNDA:7,isPaused
FNDA:1,isCompleted
FNDA:2,isTerminated
FNDA:18,next
FNDA:1,serialize
FNDA:1,deserialize
FNDA:3,build
DA:1,1
DA:2,1
DA:3,1
DA:4,1
DA:5,1
DA:6,1
DA:7,1
DA:8,1
DA:9,1
DA:10,1
DA:11,1
DA:12,1
DA:13,1
DA:14,1
DA:15,1
DA:16,1
DA:17,1
DA:18,1
DA:19,4
DA:20,4
DA:21,1
DA:22,1
DA:23,1
DA:24,1
DA:25,1
DA:26,0
DA:27,0
DA:28,1
DA:29,1
DA:30,1
DA:31,1
DA:32,1
DA:33,1
DA:34,1
DA:35,1
DA:36,1
DA:37,1
DA:38,1
DA:39,1
DA:40,1
DA:41,1
DA:42,1
DA:43,1
DA:44,1
DA:45,4
DA:46,4
DA:47,1
DA:48,1
DA:49,1
DA:50,1
DA:51,1
DA:52,1
DA:53,1
DA:54,9
DA:55,9
DA:56,1
DA:57,1
DA:58,1
DA:59,1
DA:60,1
DA:61,1
DA:62,1
DA:63,1
DA:64,1
DA:65,22
DA:66,0
DA:67,22
DA:68,1
DA:69,1
DA:70,1
DA:71,1
DA:72,1
DA:73,1
DA:74,1
DA:75,0
DA:76,0
DA:77,0
DA:78,1
DA:79,1
DA:80,1
DA:81,1
DA:82,1
DA:83,1
DA:84,1
DA:85,7
DA:86,7
DA:87,1
DA:88,1
DA:89,1
DA:90,1
DA:91,1
DA:92,1
DA:93,1
DA:94,1
DA:95,1
DA:96,1
DA:97,1
DA:98,1
DA:99,1
DA:100,1
DA:101,1
DA:102,1
DA:103,2
DA:104,2
DA:105,1
DA:106,1
DA:107,1
DA:108,1
DA:109,1
DA:110,1
DA:111,1
DA:112,18
DA:113,18
DA:114,1
DA:115,1
DA:116,1
DA:117,1
DA:118,1
DA:119,1
DA:120,1
DA:121,1
DA:122,1
DA:123,1
DA:124,1
DA:125,1
DA:126,1
DA:127,1
DA:128,1
DA:129,1
DA:130,1
DA:131,1
DA:132,1
DA:133,1
DA:134,1
DA:135,1
DA:136,1
DA:137,1
DA:138,1
DA:139,1
DA:140,1
DA:141,1
DA:142,1
DA:143,1
DA:144,1
DA:145,1
DA:146,1
DA:147,1
DA:148,1
DA:149,1
DA:150,1
DA:151,1
DA:152,1
DA:153,3
DA:154,3
DA:155,1
LF:155
LH:149
BRDA:18,0,0,4
BRDA:32,1,0,1
BRDA:44,2,0,4
BRDA:53,3,0,9
BRDA:64,4,0,22
BRDA:66,5,0,0
BRDA:65,6,0,54
BRDA:84,7,0,7
BRDA:85,8,0,21
BRDA:85,9,0,13
BRDA:93,10,0,1
BRDA:94,11,0,3
BRDA:94,12,0,1
BRDA:102,13,0,2
BRDA:103,14,0,6
BRDA:103,15,0,4
BRDA:111,16,0,18
BRDA:112,17,0,4
BRDA:112,18,0,14
BRDA:112,19,0,42
BRDA:122,20,0,1
BRDA:125,21,0,0
BRDA:125,22,0,0
BRDA:126,23,0,3
BRDA:137,24,0,1
BRDA:140,25,0,3
BRDA:152,26,0,3
BRF:27
BRH:24
end_of_record
TN:
SF:src/context/index.ts
FNF:0
FNH:0
DA:1,1
DA:2,1
DA:3,1
DA:4,1
LF:4
LH:4
BRF:0
BRH:0
end_of_record
TN:
SF:src/context/state.ts
FN:19,State
FN:30,serialize
FN:46,deserialize
FN:59,build
FNF:4
FNH:4
FNDA:26,State
FNDA:6,serialize
FNDA:6,deserialize
FNDA:20,build
DA:1,1
DA:2,1
DA:3,1
DA:4,1
DA:5,1
DA:6,1
DA:7,1
DA:8,1
DA:9,1
DA:10,1
DA:11,1
DA:12,1
DA:13,1
DA:14,1
DA:15,1
DA:16,1
DA:17,1
DA:18,1
DA:19,1
DA:20,26
DA:21,26
DA:22,1
DA:23,1
DA:24,1
DA:25,1
DA:26,1
DA:27,1
DA:28,1
DA:29,1
DA:30,1
DA:31,6
DA:32,6
DA:33,6
DA:34,6
DA:35,6
DA:36,6
DA:37,6
DA:38,1
DA:39,1
DA:40,1
DA:41,1
DA:42,1
DA:43,1
DA:44,1
DA:45,1
DA:46,1
DA:47,6
DA:48,6
DA:49,1
DA:50,1
DA:51,1
DA:52,1
DA:53,1
DA:54,1
DA:55,1
DA:56,1
DA:57,1
DA:58,1
DA:59,1
DA:60,20
DA:61,20
DA:62,1
LF:62
LH:62
BRDA:19,0,0,26
BRDA:30,1,0,6
BRDA:34,2,0,4
BRDA:34,3,0,2
BRDA:35,4,0,0
BRDA:35,5,0,0
BRDA:46,6,0,6
BRDA:59,7,0,20
BRF:8
BRH:6
end_of_record
TN:
SF:src/context/token.ts
FN:22,Token
FN:31,push
FN:38,pop
FN:45,pause
FN:52,resume
FN:62,isReady
FN:71,isPaused
FN:82,serialize
FN:96,set status
FN:106,get status
FN:116,get state
FN:129,deserialize
FN:143,build
FNF:13
FNH:12
FNDA:12,Token
FNDA:20,push
FNDA:0,pop
FNDA:6,pause
FNDA:1,resume
FNDA:1,isReady
FNDA:2,isPaused
FNDA:3,serialize
FNDA:45,set status
FNDA:78,get status
FNDA:277,get state
FNDA:3,deserialize
FNDA:9,build
DA:1,1
DA:2,1
DA:3,1
DA:4,1
DA:5,1
DA:6,1
DA:7,1
DA:8,1
DA:9,1
DA:10,1
DA:11,1
DA:12,1
DA:13,1
DA:14,1
DA:15,1
DA:16,1
DA:17,1
DA:18,1
DA:19,1
DA:20,1
DA:21,1
DA:22,1
DA:23,12
DA:24,12
DA:25,1
DA:26,1
DA:27,1
DA:28,1
DA:29,1
DA:30,1
DA:31,1
DA:32,20
DA:33,20
DA:34,1
DA:35,1
DA:36,1
DA:37,1
DA:38,1
DA:39,0
DA:40,0
DA:41,1
DA:42,1
DA:43,1
DA:44,1
DA:45,1
DA:46,6
DA:47,6
DA:48,1
DA:49,1
DA:50,1
DA:51,1
DA:52,1
DA:53,1
DA:54,1
DA:55,1
DA:56,1
DA:57,1
DA:58,1
DA:59,1
DA:60,1
DA:61,1
DA:62,1
DA:63,1
DA:64,1
DA:65,1
DA:66,1
DA:67,1
DA:68,1
DA:69,1
DA:70,1
DA:71,1
DA:72,2
DA:73,2
DA:74,1
DA:75,1
DA:76,1
DA:77,1
DA:78,1
DA:79,1
DA:80,1
DA:81,1
DA:82,1
DA:83,3
DA:84,3
DA:85,3
DA:86,3
DA:87,3
DA:88,3
DA:89,3
DA:90,1
DA:91,1
DA:92,1
DA:93,1
DA:94,1
DA:95,1
DA:96,1
DA:97,45
DA:98,45
DA:99,1
DA:100,1
DA:101,1
DA:102,1
DA:103,1
DA:104,1
DA:105,1
DA:106,1
DA:107,78
DA:108,78
DA:109,78
DA:110,1
DA:111,1
DA:112,1
DA:113,1
DA:114,1
DA:115,1
DA:116,1
DA:117,277
DA:118,277
DA:119,1
DA:120,1
DA:121,1
DA:122,1
DA:123,1
DA:124,1
DA:125,1
DA:126,1
DA:127,1
DA:128,1
DA:129,1
DA:130,3
DA:131,3
DA:132,3
DA:133,3
DA:134,3
DA:135,1
DA:136,1
DA:137,1
DA:138,1
DA:139,1
DA:140,1
DA:141,1
DA:142,1
DA:143,1
DA:144,9
DA:145,9
DA:146,1
LF:146
LH:144
BRDA:22,0,0,12
BRDA:31,1,0,20
BRDA:45,2,0,6
BRDA:52,3,0,1
BRDA:62,4,0,1
BRDA:71,5,0,2
BRDA:82,6,0,3
BRDA:85,7,0,2
BRDA:85,8,0,1
BRDA:87,9,0,1
BRDA:87,10,0,2
BRDA:86,11,0,6
BRDA:96,12,0,45
BRDA:106,13,0,78
BRDA:107,14,0,0
BRDA:116,15,0,277
BRDA:129,16,0,3
BRDA:132,17,0,6
BRDA:143,18,0,9
BRF:19
BRH:18
end_of_record
TN:
SF:src/context/enums/index.ts
FNF:0
FNH:0
DA:1,1
LF:1
LH:1
BRF:0
BRH:0
end_of_record
TN:
SF:src/context/enums/status.ts
FNF:0
FNH:0
DA:1,6
DA:2,6
DA:3,6
DA:4,6
DA:5,6
DA:6,6
DA:7,6
DA:8,6
LF:8
LH:8
BRDA:1,0,0,6
BRF:1
BRH:1
end_of_record
TN:
SF:src/core/container.ts
FN:30,addElement
FN:48,getElement
FN:59,delElement
FN:72,add
FN:85,get
FN:94,del
FNF:6
FNH:2
FNDA:141,addElement
FNDA:140,getElement
FNDA:0,delElement
FNDA:0,add
FNDA:0,get
FNDA:0,del
DA:1,1
DA:2,1
DA:3,1
DA:4,1
DA:5,1
DA:6,1
DA:7,1
DA:8,1
DA:9,1
DA:10,1
DA:11,1
DA:12,1
DA:13,1
DA:14,1
DA:15,1
DA:16,1
DA:17,1
DA:18,1
DA:19,1
DA:20,1
DA:21,1
DA:22,1
DA:23,1
DA:24,1
DA:25,1
DA:26,1
DA:27,1
DA:28,1
DA:29,1
DA:30,1
DA:31,141
DA:32,141
DA:33,141
DA:34,141
DA:35,141
DA:36,141
DA:37,141
DA:38,1
DA:39,1
DA:40,1
DA:41,1
DA:42,1
DA:43,1
DA:44,1
DA:45,1
DA:46,1
DA:47,1
DA:48,1
DA:49,140
DA:50,2
DA:51,140
DA:52,1
DA:53,1
DA:54,1
DA:55,1
DA:56,1
DA:57,1
DA:58,1
DA:59,1
DA:60,0
DA:61,0
DA:62,0
DA:63,0
DA:64,0
DA:65,1
DA:66,1
DA:67,1
DA:68,1
DA:69,1
DA:70,1
DA:71,1
DA:72,1
DA:73,0
DA:74,0
DA:75,0
DA:76,0
DA:77,1
DA:78,1
DA:79,1
DA:80,1
DA:81,1
DA:82,1
DA:83,1
DA:84,1
DA:85,1
DA:86,0
DA:87,0
DA:88,1
DA:89,1
DA:90,1
DA:91,1
DA:92,1
DA:93,1
DA:94,1
DA:95,0
DA:96,0
DA:97,0
DA:98,0
DA:99,1
LF:99
LH:84
BRDA:30,0,0,141
BRDA:31,1,0,136
BRDA:31,2,0,5
BRDA:34,3,0,74
BRDA:48,4,0,140
BRDA:49,5,0,138
BRDA:49,6,0,134
BRDA:49,7,0,4
BRDA:50,8,0,2
BRDA:50,9,0,1
BRDA:50,10,0,1
BRF:11
BRH:11
end_of_record
TN:
SF:src/core/index.ts
FNF:0
FNH:0
DA:1,1
DA:2,1
DA:3,1
LF:3
LH:3
BRF:0
BRH:0
end_of_record
TN:
SF:src/core/activities/event.ts
FN:41,EventActivity
FN:50,get attachedToRef
FN:64,get type
FN:77,get intermediateType
FN:94,get eventDefinitionType
FN:114,build
FNF:6
FNH:2
FNDA:11,EventActivity
FNDA:0,get attachedToRef
FNDA:0,get type
FNDA:0,get intermediateType
FNDA:0,get eventDefinitionType
FNDA:11,build
DA:1,1
DA:2,1
DA:3,1
DA:4,1
DA:5,6
DA:6,6
DA:7,6
DA:8,6
DA:9,6
DA:10,6
DA:11,1
DA:12,6
DA:13,6
DA:14,6
DA:15,6
DA:16,1
DA:17,6
DA:18,6
DA:19,6
DA:20,6
DA:21,6
DA:22,6
DA:23,6
DA:24,6
DA:25,6
DA:26,6
DA:27,1
DA:28,1
DA:29,1
DA:30,1
DA:31,1
DA:32,1
DA:33,1
DA:34,1
DA:35,1
DA:36,1
DA:37,1
DA:38,1
DA:39,1
DA:40,1
DA:41,1
DA:42,11
DA:43,11
DA:44,1
DA:45,1
DA:46,1
DA:47,1
DA:48,1
DA:49,1
DA:50,1
DA:51,0
DA:52,0
DA:53,0
DA:54,0
DA:55,1
DA:56,1
DA:57,1
DA:58,1
DA:59,1
DA:60,1
DA:61,1
DA:62,1
DA:63,1
DA:64,1
DA:65,0
DA:66,0
DA:67,0
DA:68,0
DA:69,0
DA:70,1
DA:71,1
DA:72,1
DA:73,1
DA:74,1
DA:75,1
DA:76,1
DA:77,1
DA:78,0
DA:79,0
DA:80,0
DA:81,1
DA:82,1
DA:83,1
DA:84,1
DA:85,1
DA:86,1
DA:87,1
DA:88,1
DA:89,1
DA:90,1
DA:91,1
DA:92,1
DA:93,1
DA:94,1
DA:95,0
DA:96,0
DA:97,0
DA:98,0
DA:99,0
DA:100,0
DA:101,0
DA:102,0
DA:103,0
DA:104,1
DA:105,1
DA:106,1
DA:107,1
DA:108,1
DA:109,1
DA:110,1
DA:111,1
DA:112,1
DA:113,1
DA:114,1
DA:115,11
DA:116,11
DA:117,1
LF:117
LH:96
BRDA:5,0,0,6
BRDA:12,1,0,6
BRDA:17,2,0,6
BRDA:41,3,0,11
BRDA:114,4,0,11
BRF:5
BRH:5
end_of_record
TN:
SF:src/core/activities/gateway.ts
FN:20,GatewayActivity
FN:33,takeOutgoing
FN:111,get default
FN:126,get type
FN:145,build
FNF:5
FNH:4
FNDA:15,GatewayActivity
FNDA:7,takeOutgoing
FNDA:0,get default
FNDA:7,get type
FNDA:15,build
DA:1,1
DA:2,1
DA:3,1
DA:4,1
DA:5,1
DA:6,1
DA:7,1
DA:8,6
DA:9,6
DA:10,6
DA:11,6
DA:12,6
DA:13,6
DA:14,6
DA:15,1
DA:16,1
DA:17,1
DA:18,1
DA:19,1
DA:20,1
DA:21,15
DA:22,15
DA:23,1
DA:24,1
DA:25,1
DA:26,1
DA:27,1
DA:28,1
DA:29,1
DA:30,1
DA:31,1
DA:32,1
DA:33,1
DA:34,7
DA:35,7
DA:36,7
DA:37,7
DA:38,7
DA:39,7
DA:40,0
DA:41,7
DA:42,7
DA:43,7
DA:44,7
DA:45,7
DA:46,7
DA:47,3
DA:48,3
DA:49,7
DA:50,4
DA:51,4
DA:52,4
DA:53,7
DA:54,4
DA:55,7
DA:56,7
DA:57,0
DA:58,7
DA:59,7
DA:60,0
DA:61,0
DA:62,0
DA:63,7
DA:64,7
DA:65,0
DA:66,7
DA:67,4
DA:68,7
DA:69,4
DA:70,4
DA:71,4
DA:72,1
DA:73,1
DA:74,1
DA:75,1
DA:76,1
DA:77,1
DA:78,1
DA:79,1
DA:80,1
DA:81,4
DA:82,4
DA:83,3
DA:84,3
DA:85,3
DA:86,3
DA:87,6
DA:88,6
DA:89,6
DA:90,6
DA:91,6
DA:92,6
DA:93,6
DA:94,6
DA:95,6
DA:96,6
DA:97,6
DA:98,6
DA:99,3
DA:100,4
DA:101,4
DA:102,4
DA:103,4
DA:104,1
DA:105,1
DA:106,1
DA:107,1
DA:108,1
DA:109,1
DA:110,1
DA:111,1
DA:112,0
DA:113,0
DA:114,0
DA:115,0
DA:116,1
DA:117,1
DA:118,1
DA:119,1
DA:120,1
DA:121,1
DA:122,1
DA:123,1
DA:124,1
DA:125,1
DA:126,1
DA:127,7
DA:128,7
DA:129,7
DA:130,7
DA:131,7
DA:132,7
DA:133,1
DA:134,1
DA:135,1
DA:136,1
DA:137,1
DA:138,1
DA:139,1
DA:140,1
DA:141,1
DA:142,1
DA:143,1
DA:144,1
DA:145,1
DA:146,15
DA:147,15
DA:148,1
LF:148
LH:138
BRDA:8,0,0,6
BRDA:20,1,0,15
BRDA:33,2,0,7
BRDA:34,3,0,0
BRDA:34,4,0,0
BRDA:39,5,0,0
BRDA:46,6,0,0
BRDA:46,7,0,3
BRDA:49,8,0,4
BRDA:54,9,0,4
BRDA:56,10,0,0
BRDA:59,11,0,0
BRDA:64,12,0,0
BRDA:67,13,0,4
BRDA:68,14,0,0
BRDA:68,15,0,4
BRDA:68,16,0,4
BRDA:68,17,0,4
BRDA:69,18,0,0
BRDA:71,19,0,1
BRDA:77,20,0,0
BRDA:82,21,0,3
BRDA:82,22,0,3
BRDA:86,23,0,6
BRDA:94,24,0,0
BRDA:50,25,0,5
BRDA:126,26,0,7
BRDA:127,27,0,0
BRDA:127,28,0,0
BRDA:127,29,0,0
BRDA:128,30,0,0
BRDA:128,31,0,0
BRDA:129,32,0,0
BRDA:129,33,0,0
BRDA:129,34,0,0
BRDA:129,35,0,0
BRDA:129,36,0,0
BRDA:129,37,0,0
BRDA:129,38,0,0
BRDA:130,39,0,0
BRDA:130,40,0,0
BRDA:130,41,0,0
BRDA:130,42,0,0
BRDA:130,43,0,0
BRDA:130,44,0,0
BRDA:131,45,0,0
BRDA:131,46,0,0
BRDA:131,47,0,0
BRDA:131,48,0,0
BRDA:131,49,0,0
BRDA:131,50,0,0
BRDA:145,51,0,15
BRF:52
BRH:17
end_of_record
TN:
SF:src/core/activities/index.ts
FNF:0
FNH:0
DA:1,1
DA:2,1
DA:3,1
LF:3
LH:3
BRF:0
BRH:0
end_of_record
TN:
SF:src/core/activities/task.ts
FN:24,TaskActivity
FN:41,get taskType
FN:61,build
FNF:3
FNH:2
FNDA:31,TaskActivity
FNDA:0,get taskType
FNDA:31,build
DA:1,1
DA:2,1
DA:3,1
DA:4,6
DA:5,6
DA:6,6
DA:7,6
DA:8,6
DA:9,6
DA:10,6
DA:11,6
DA:12,6
DA:13,1
DA:14,1
DA:15,1
DA:16,1
DA:17,1
DA:18,1
DA:19,1
DA:20,1
DA:21,1
DA:22,1
DA:23,1
DA:24,1
DA:25,31
DA:26,31
DA:27,1
DA:28,1
DA:29,1
DA:30,1
DA:31,1
DA:32,1
DA:33,1
DA:34,1
DA:35,1
DA:36,1
DA:37,1
DA:38,1
DA:39,1
DA:40,1
DA:41,1
DA:42,0
DA:43,0
DA:44,0
DA:45,0
DA:46,0
DA:47,0
DA:48,0
DA:49,0
DA:50,1
DA:51,1
DA:52,1
DA:53,1
DA:54,1
DA:55,1
DA:56,1
DA:57,1
DA:58,1
DA:59,1
DA:60,1
DA:61,1
DA:62,31
DA:63,31
DA:64,1
LF:64
LH:56
BRDA:4,0,0,6
BRDA:24,1,0,31
BRDA:61,2,0,31
BRF:3
BRH:3
end_of_record
TN:
SF:src/core/base/activity.ts
FN:20,Activity
FN:31,get incoming
FN:43,get outgoing
FN:60,takeOutgoing
FN:106,isEnd
FN:116,isStart
FN:129,build
FNF:7
FNH:7
FNDA:60,Activity
FNDA:8,get incoming
FNDA:60,get outgoing
FNDA:12,takeOutgoing
FNDA:22,isEnd
FNDA:1,isStart
FNDA:1,build
DA:1,1
DA:2,1
DA:3,1
DA:4,1
DA:5,1
DA:6,1
DA:7,1
DA:8,1
DA:9,1
DA:10,1
DA:11,1
DA:12,1
DA:13,1
DA:14,1
DA:15,1
DA:16,1
DA:17,1
DA:18,1
DA:19,1
DA:20,1
DA:21,60
DA:22,60
DA:23,60
DA:24,1
DA:25,1
DA:26,1
DA:27,1
DA:28,1
DA:29,1
DA:30,1
DA:31,1
DA:32,8
DA:33,13
DA:34,13
DA:35,8
DA:36,8
DA:37,1
DA:38,1
DA:39,1
DA:40,1
DA:41,1
DA:42,1
DA:43,1
DA:44,60
DA:45,71
DA:46,71
DA:47,71
DA:48,60
DA:49,60
DA:50,1
DA:51,1
DA:52,1
DA:53,1
DA:54,1
DA:55,1
DA:56,1
DA:57,1
DA:58,1
DA:59,1
DA:60,1
DA:61,12
DA:62,11
DA:63,11
DA:64,11
DA:65,12
DA:66,10
DA:67,10
DA:68,10
DA:69,10
DA:70,10
DA:71,10
DA:72,10
DA:73,10
DA:74,10
DA:75,10
DA:76,10
DA:77,10
DA:78,10
DA:79,10
DA:80,0
DA:81,0
DA:82,0
DA:83,0
DA:84,0
DA:85,0
DA:86,0
DA:87,0
DA:88,0
DA:89,0
DA:90,0
DA:91,0
DA:92,0
DA:93,0
DA:94,0
DA:95,10
DA:96,11
DA:97,11
DA:98,11
DA:99,1
DA:100,1
DA:101,1
DA:102,1
DA:103,1
DA:104,1
DA:105,1
DA:106,1
DA:107,22
DA:108,22
DA:109,1
DA:110,1
DA:111,1
DA:112,1
DA:113,1
DA:114,1
DA:115,1
DA:116,1
DA:117,1
DA:118,1
DA:119,1
DA:120,1
DA:121,1
DA:122,1
DA:123,1
DA:124,1
DA:125,1
DA:126,1
DA:127,1
DA:128,1
DA:129,1
DA:130,1
DA:131,1
DA:132,1
LF:132
LH:117
BRDA:20,0,0,60
BRDA:31,1,0,8
BRDA:32,2,0,0
BRDA:32,3,0,13
BRDA:33,4,0,0
BRDA:43,5,0,60
BRDA:44,6,0,1
BRDA:44,7,0,59
BRDA:44,8,0,71
BRDA:45,9,0,0
BRDA:46,10,0,0
BRDA:60,11,0,12
BRDA:61,12,0,11
BRDA:61,13,0,0
BRDA:61,14,0,1
BRDA:62,15,0,11
BRDA:65,16,0,0
BRDA:65,17,0,11
BRDA:65,18,0,11
BRDA:65,19,0,10
BRDA:66,20,0,3
BRDA:66,21,0,7
BRDA:74,22,0,3
BRDA:74,23,0,7
BRDA:79,24,0,0
BRDA:79,25,0,0
BRDA:96,26,0,11
BRDA:106,27,0,22
BRDA:107,28,0,0
BRDA:116,29,0,1
BRDA:117,30,0,0
BRDA:129,31,0,1
BRF:32
BRH:22
end_of_record
TN:
SF:src/core/base/attribute.ts
FN:9,Attribute
FN:20,get id
FN:30,get name
FNF:3
FNH:3
FNDA:146,Attribute
FNDA:91,get id
FNDA:45,get name
DA:1,1
DA:2,1
DA:3,1
DA:4,1
DA:5,1
DA:6,1
DA:7,1
DA:8,1
DA:9,1
DA:10,146
DA:11,146
DA:12,146
DA:13,1
DA:14,1
DA:15,1
DA:16,1
DA:17,1
DA:18,1
DA:19,1
DA:20,1
DA:21,91
DA:22,91
DA:23,1
DA:24,1
DA:25,1
DA:26,1
DA:27,1
DA:28,1
DA:29,1
DA:30,1
DA:31,45
DA:32,45
DA:33,1
LF:33
LH:33
BRDA:9,0,0,146
BRDA:10,1,0,145
BRDA:20,2,0,91
BRDA:30,3,0,45
BRF:4
BRH:4
end_of_record
TN:
SF:src/core/base/index.ts
FNF:0
FNH:0
DA:1,1
DA:2,1
DA:3,1
DA:4,1
LF:4
LH:4
BRF:0
BRH:0
end_of_record
TN:
SF:src/core/base/lane.ts
FN:10,Lane
FN:19,get flowNodeRef
FN:36,build
FNF:3
FNH:0
FNDA:0,Lane
FNDA:0,get flowNodeRef
FNDA:0,build
DA:1,1
DA:2,1
DA:3,1
DA:4,1
DA:5,1
DA:6,1
DA:7,1
DA:8,1
DA:9,1
DA:10,1
DA:11,0
DA:12,0
DA:13,1
DA:14,1
DA:15,1
DA:16,1
DA:17,1
DA:18,1
DA:19,1
DA:20,0
DA:21,0
DA:22,0
DA:23,0
DA:24,0
DA:25,0
DA:26,0
DA:27,1
DA:28,1
DA:29,1
DA:30,1
DA:31,1
DA:32,1
DA:33,1
DA:34,1
DA:35,1
DA:36,1
DA:37,0
DA:38,0
DA:39,1
LF:39
LH:28
BRF:0
BRH:0
end_of_record
TN:
SF:src/core/base/sequence.ts
FN:10,Sequence
FN:19,get sourceRef
FN:30,get targetRef
FN:44,build
FNF:4
FNH:4
FNDA:85,Sequence
FNDA:1,get sourceRef
FNDA:34,get targetRef
FNDA:85,build
DA:1,1
DA:2,1
DA:3,1
DA:4,1
DA:5,1
DA:6,1
DA:7,1
DA:8,1
DA:9,1
DA:10,1
DA:11,85
DA:12,85
DA:13,1
DA:14,1
DA:15,1
DA:16,1
DA:17,1
DA:18,1
DA:19,1
DA:20,1
DA:21,1
DA:22,1
DA:23,1
DA:24,1
DA:25,1
DA:26,1
DA:27,1
DA:28,1
DA:29,1
DA:30,1
DA:31,34
DA:32,34
DA:33,34
DA:34,34
DA:35,1
DA:36,1
DA:37,1
DA:38,1
DA:39,1
DA:40,1
DA:41,1
DA:42,1
DA:43,1
DA:44,1
DA:45,85
DA:46,85
DA:47,1
LF:47
LH:47
BRDA:10,0,0,85
BRDA:19,1,0,1
BRDA:20,2,0,0
BRDA:30,3,0,34
BRDA:31,4,0,0
BRDA:44,5,0,85
BRF:6
BRH:4
end_of_record
TN:
SF:src/engine/index.ts
FNF:0
FNH:0
DA:1,1
DA:2,1
LF:2
LH:2
BRF:0
BRH:0
end_of_record
TN:
SF:src/engine/workflow.ts
FN:36,run
FN:93,build
FN:113,execute
FNF:3
FNH:3
FNDA:18,run
FNDA:4,build
FNDA:4,execute
DA:1,1
DA:2,1
DA:3,1
DA:4,1
DA:5,1
DA:6,1
DA:7,1
DA:8,1
DA:9,1
DA:10,1
DA:11,1
DA:12,1
DA:13,1
DA:14,1
DA:15,1
DA:16,1
DA:17,1
DA:18,1
DA:19,1
DA:20,1
DA:21,1
DA:22,1
DA:23,1
DA:24,1
DA:25,1
DA:26,1
DA:27,1
DA:28,1
DA:29,1
DA:30,1
DA:31,1
DA:32,1
DA:33,1
DA:34,1
DA:35,1
DA:36,18
DA:37,18
DA:38,18
DA:39,18
DA:40,18
DA:41,18
DA:42,18
DA:43,18
DA:44,18
DA:45,18
DA:46,18
DA:47,18
DA:48,18
DA:49,18
DA:50,18
DA:51,18
DA:52,10
DA:53,10
DA:54,10
DA:55,10
DA:56,18
DA:57,18
DA:58,18
DA:59,18
DA:60,18
DA:61,18
DA:62,18
DA:63,18
DA:64,18
DA:65,18
DA:66,18
DA:67,18
DA:68,0
DA:69,0
DA:70,0
DA:71,0
DA:72,0
DA:73,0
DA:74,18
DA:75,18
DA:76,18
DA:77,1
DA:78,1
DA:79,1
DA:80,1
DA:81,1
DA:82,1
DA:83,1
DA:84,1
DA:85,1
DA:86,1
DA:87,1
DA:88,1
DA:89,1
DA:90,1
DA:91,1
DA:92,1
DA:93,1
DA:94,4
DA:95,4
DA:96,4
DA:97,1
DA:98,1
DA:99,1
DA:100,1
DA:101,1
DA:102,4
DA:103,4
DA:104,4
DA:105,1
DA:106,1
DA:107,1
DA:108,1
DA:109,1
DA:110,1
DA:111,1
DA:112,1
DA:113,1
DA:114,4
DA:115,4
DA:116,4
DA:117,4
DA:118,4
DA:119,4
DA:120,4
DA:121,4
DA:122,4
DA:123,4
DA:124,3
DA:125,2
DA:126,4
DA:127,4
DA:128,4
DA:129,4
DA:130,4
DA:131,4
DA:132,4
DA:133,4
DA:134,4
DA:135,4
DA:136,4
DA:137,4
DA:138,4
DA:139,4
DA:140,4
DA:141,4
DA:142,4
DA:143,4
DA:144,4
DA:145,4
DA:146,4
DA:147,4
DA:148,4
DA:149,4
DA:150,4
DA:151,4
DA:152,4
DA:153,4
DA:154,4
DA:155,4
DA:156,4
DA:157,4
DA:158,4
DA:159,4
DA:160,4
DA:161,1
DA:162,4
DA:163,3
DA:164,3
DA:165,3
DA:166,3
DA:167,3
DA:168,3
DA:169,3
DA:170,3
DA:171,4
DA:172,4
DA:173,4
DA:174,4
DA:175,4
DA:176,4
DA:177,3
DA:178,3
DA:179,3
DA:180,3
DA:181,3
DA:182,3
DA:183,3
DA:184,4
DA:185,1
DA:186,1
DA:187,1
DA:188,1
DA:189,1
DA:190,1
DA:191,1
DA:192,1
DA:193,4
DA:194,4
DA:195,4
DA:196,4
DA:197,4
DA:198,4
DA:199,4
DA:200,4
DA:201,4
DA:202,4
DA:203,4
DA:204,4
DA:205,4
DA:206,4
DA:207,4
DA:208,4
DA:209,4
DA:210,4
DA:211,18
DA:212,18
DA:213,18
DA:214,18
DA:215,18
DA:216,18
DA:217,18
DA:218,18
DA:219,18
DA:220,18
DA:221,18
DA:222,18
DA:223,14
DA:224,14
DA:225,14
DA:226,14
DA:227,18
DA:228,18
DA:229,14
DA:230,18
DA:231,18
DA:232,18
DA:233,18
DA:234,18
DA:235,14
DA:236,14
DA:237,14
DA:238,18
DA:239,14
DA:240,14
DA:241,14
DA:242,18
DA:243,18
DA:244,18
DA:245,18
DA:246,18
DA:247,18
DA:248,18
DA:249,18
DA:250,18
DA:251,18
DA:252,4
DA:253,4
DA:254,4
DA:255,4
DA:256,1
DA:257,1
DA:258,4
DA:259,4
DA:260,4
DA:261,4
DA:262,4
DA:263,4
DA:264,4
DA:265,4
DA:266,4
DA:267,4
DA:268,1
LF:268
LH:262
BRDA:36,0,0,18
BRDA:49,1,0,0
BRDA:51,2,0,10
BRDA:52,3,0,0
BRDA:56,4,0,8
BRDA:58,5,0,0
BRDA:61,6,0,8
BRDA:62,7,0,1
BRDA:64,8,0,1
BRDA:66,9,0,11
BRDA:66,10,0,7
BRDA:66,11,0,11
BRDA:66,12,0,3
BRDA:66,13,0,3
BRDA:67,14,0,0
BRDA:93,15,0,4
BRDA:96,16,0,1
BRDA:97,17,0,0
BRDA:98,18,0,0
BRDA:99,19,0,0
BRDA:100,20,0,0
BRDA:113,21,0,4
BRDA:114,22,0,0
BRDA:114,23,0,0
BRDA:114,24,0,0
BRDA:115,25,0,3
BRDA:115,26,0,0
BRDA:115,27,0,0
BRDA:115,28,0,0
BRDA:116,29,0,0
BRDA:116,30,0,0
BRDA:116,31,0,0
BRDA:117,32,0,0
BRDA:117,33,0,0
BRDA:117,34,0,0
BRDA:121,35,0,0
BRDA:123,36,0,1
BRDA:124,37,0,3
BRDA:124,38,0,1
BRDA:125,39,0,2
BRDA:128,40,0,0
BRDA:128,41,0,1
BRDA:128,42,0,3
BRDA:128,43,0,1
BRDA:128,44,0,3
BRDA:130,45,0,0
BRDA:135,46,0,0
BRDA:136,47,0,0
BRDA:140,48,0,0
BRDA:141,49,0,0
BRDA:146,50,0,1
BRDA:146,51,0,3
BRDA:146,52,0,1
BRDA:146,53,0,3
BRDA:148,54,0,0
BRDA:148,55,0,0
BRDA:151,56,0,0
BRDA:153,57,0,1
BRDA:154,58,0,0
BRDA:160,59,0,0
BRDA:160,60,0,1
BRDA:162,61,0,3
BRDA:164,62,0,0
BRDA:171,63,0,0
BRDA:176,64,0,3
BRDA:184,65,0,1
BRDA:185,66,0,0
BRDA:187,67,0,0
BRDA:190,68,0,0
BRDA:194,69,0,0
BRDA:199,70,0,0
BRDA:199,71,0,0
BRDA:200,72,0,0
BRDA:206,73,0,0
BRDA:210,74,0,18
BRDA:215,75,0,0
BRDA:220,76,0,4
BRDA:220,77,0,14
BRDA:220,78,0,7
BRDA:220,79,0,11
BRDA:220,80,0,4
BRDA:220,81,0,7
BRDA:220,82,0,14
BRDA:220,83,0,4
BRDA:222,84,0,4
BRDA:223,85,0,14
BRDA:227,86,0,7
BRDA:227,87,0,6
BRDA:227,88,0,1
BRDA:227,89,0,1
BRDA:227,90,0,6
BRDA:228,91,0,14
BRDA:228,92,0,13
BRDA:228,93,0,10
BRDA:228,94,0,3
BRDA:228,95,0,3
BRDA:228,96,0,10
BRDA:229,97,0,14
BRDA:230,98,0,14
BRDA:230,99,0,0
BRDA:232,100,0,14
BRDA:232,101,0,0
BRDA:232,102,0,14
BRDA:234,103,0,0
BRDA:235,104,0,14
BRDA:238,105,0,0
BRDA:239,106,0,14
BRDA:242,107,0,0
BRDA:242,108,0,14
BRDA:242,109,0,14
BRDA:242,110,0,7
BRDA:242,111,0,7
BRDA:242,112,0,0
BRDA:242,113,0,14
BRDA:242,114,0,14
BRDA:242,115,0,0
BRDA:249,116,0,14
BRDA:249,117,0,0
BRDA:249,118,0,14
BRDA:255,119,0,3
BRDA:256,120,0,1
BRDA:256,121,0,0
BRDA:128,122,0,3
BRDA:232,123,0,15
BRF:124
BRH:72
end_of_record
TN:
SF:src/engine/types/execute.ts
FNF:0
FNH:0
DA:1,1
DA:2,1
DA:3,1
DA:4,1
DA:5,1
DA:6,1
DA:7,1
DA:8,1
DA:9,1
DA:10,1
LF:10
LH:10
BRF:0
BRH:0
end_of_record
TN:
SF:src/engine/types/index.ts
FNF:0
FNH:0
DA:1,1
LF:1
LH:1
BRF:0
BRH:0
end_of_record
TN:
SF:src/type/base.ts
FNF:0
FNH:0
DA:1,1
DA:2,1
DA:3,1
DA:4,1
DA:5,1
DA:6,1
DA:7,1
DA:8,1
DA:9,1
DA:10,1
DA:11,1
DA:12,1
DA:13,1
DA:14,1
DA:15,1
DA:16,1
DA:17,1
DA:18,1
DA:19,1
DA:20,1
DA:21,1
DA:22,1
DA:23,1
DA:24,1
DA:25,1
DA:26,1
DA:27,1
DA:28,1
DA:29,1
DA:30,1
DA:31,1
DA:32,1
DA:33,1
DA:34,1
DA:35,1
DA:36,1
DA:37,1
DA:38,1
DA:39,1
DA:40,1
DA:41,1
DA:42,1
DA:43,1
DA:44,1
DA:45,1
DA:46,1
DA:47,1
DA:48,1
DA:49,1
DA:50,1
DA:51,1
DA:52,1
DA:53,1
DA:54,1
DA:55,1
DA:56,1
DA:57,1
DA:58,1
DA:59,1
DA:60,1
DA:61,1
DA:62,1
DA:63,1
DA:64,1
DA:65,1
DA:66,1
DA:67,1
DA:68,1
DA:69,1
DA:70,1
DA:71,1
LF:71
LH:71
BRF:0
BRH:0
end_of_record
TN:
SF:src/type/collaboration.ts
FNF:0
FNH:0
DA:1,1
DA:2,1
DA:3,1
DA:4,1
DA:5,1
DA:6,1
DA:7,1
DA:8,1
DA:9,1
DA:10,1
DA:11,1
LF:11
LH:11
BRF:0
BRH:0
end_of_record
TN:
SF:src/type/definition.ts
FNF:0
FNH:0
DA:1,1
DA:2,1
DA:3,1
DA:4,1
DA:5,1
DA:6,1
DA:7,1
DA:8,1
LF:8
LH:8
BRF:0
BRH:0
end_of_record
TN:
SF:src/type/index.ts
FNF:0
FNH:0
DA:1,1
DA:2,1
DA:3,1
DA:4,1
LF:4
LH:4
BRF:0
BRH:0
end_of_record
TN:
SF:src/type/process.ts
FNF:0
FNH:0
DA:1,1
DA:2,1
DA:3,1
DA:4,1
DA:5,1
DA:6,1
DA:7,1
DA:8,1
DA:9,1
DA:10,1
DA:11,1
DA:12,1
DA:13,1
DA:14,1
DA:15,1
DA:16,1
DA:17,1
DA:18,1
DA:19,1
DA:20,1
DA:21,1
DA:22,1
DA:23,1
DA:24,1
DA:25,1
DA:26,1
DA:27,1
DA:28,1
DA:29,1
DA:30,1
DA:31,1
DA:32,1
DA:33,1
DA:34,1
DA:35,1
DA:36,1
DA:37,1
DA:38,1
DA:39,1
DA:40,1
DA:41,1
DA:42,1
DA:43,1
DA:44,1
DA:45,1
DA:46,1
DA:47,1
DA:48,1
DA:49,1
DA:50,1
DA:51,1
DA:52,1
DA:53,1
DA:54,1
DA:55,1
DA:56,1
DA:57,1
DA:58,1
DA:59,1
DA:60,1
DA:61,1
DA:62,1
DA:63,1
DA:64,1
DA:65,1
DA:66,1
DA:67,1
DA:68,1
DA:69,1
DA:70,1
DA:71,1
DA:72,1
DA:73,1
DA:74,1
DA:75,1
DA:76,1
DA:77,1
DA:78,1
DA:79,1
DA:80,1
DA:81,1
DA:82,1
DA:83,1
DA:84,1
DA:85,1
DA:86,1
LF:86
LH:86
BRF:0
BRH:0
end_of_record
